c:\users\jcons\src\vulkanintro\vulkanintro\x64\debug\vc141.pdb
c:\users\jcons\src\vulkanintro\vulkanintro\x64\debug\vc141.idb
c:\users\jcons\src\vulkanintro\vulkanintro\x64\debug\hellotriangleapplication.obj
c:\users\jcons\src\vulkanintro\vulkanintro\x64\debug\entity.obj
c:\users\jcons\src\vulkanintro\vulkanintro\x64\debug\mesh.obj
c:\users\jcons\src\vulkanintro\vulkanintro\x64\debug\main.obj
c:\users\jcons\src\vulkanintro\vulkanintro\x64\debug\pipeline.obj
c:\users\jcons\src\vulkanintro\vulkanintro\x64\debug\simpletrianglepipeline.obj
c:\users\jcons\src\vulkanintro\vulkanintro\x64\debug\vulkanmesh.obj
c:\users\jcons\src\vulkanintro\vulkanintro\x64\debug\utils.obj
c:\users\jcons\src\vulkanintro\vulkanintro\x64\debug\vulkan.obj
c:\users\jcons\src\vulkanintro\vulkanintro\x64\debug\level.obj
c:\users\jcons\src\vulkanintro\x64\debug\vulkanintro.pdb
c:\users\jcons\src\vulkanintro\vulkanintro\x64\debug\vulkanintro.tlog\cl.command.1.tlog
c:\users\jcons\src\vulkanintro\vulkanintro\x64\debug\vulkanintro.tlog\cl.read.1.tlog
c:\users\jcons\src\vulkanintro\vulkanintro\x64\debug\vulkanintro.tlog\cl.write.1.tlog
c:\users\jcons\src\vulkanintro\vulkanintro\x64\debug\vulkanintro.tlog\link.5592-cvtres.read.1.tlog
c:\users\jcons\src\vulkanintro\vulkanintro\x64\debug\vulkanintro.tlog\link.5592-cvtres.write.1.tlog
c:\users\jcons\src\vulkanintro\vulkanintro\x64\debug\vulkanintro.tlog\link.5592-rc.read.1.tlog
c:\users\jcons\src\vulkanintro\vulkanintro\x64\debug\vulkanintro.tlog\link.5592-rc.write.1.tlog
c:\users\jcons\src\vulkanintro\vulkanintro\x64\debug\vulkanintro.tlog\link.5592.read.1.tlog
c:\users\jcons\src\vulkanintro\vulkanintro\x64\debug\vulkanintro.tlog\link.5592.write.1.tlog
c:\users\jcons\src\vulkanintro\vulkanintro\x64\debug\vulkanintro.tlog\link.command.1.tlog
c:\users\jcons\src\vulkanintro\vulkanintro\x64\debug\vulkanintro.tlog\link.read.1.tlog
c:\users\jcons\src\vulkanintro\vulkanintro\x64\debug\vulkanintro.tlog\link.write.1.tlog
